<?xml version="1.0" encoding="UTF-8"?>
<blueprint xmlns="http://www.osgi.org/xmlns/blueprint/v1.0.0"
           xmlns:odl="http://opendaylight.org/xmlns/blueprint/v1.0.0">

  <odl:rpc-service id="sfService"
      interface="org.opendaylight.yang.gen.v1.urn.cisco.params.xml.ns.yang.sfc.sf.rev140701.ServiceFunctionService"/>

  <odl:rpc-service id="sfcService"
      interface="org.opendaylight.yang.gen.v1.urn.cisco.params.xml.ns.yang.sfc.sfc.rev140701.ServiceFunctionChainService"/>

  <bean id="testConsumer" class="org.opendaylight.sfc.sfc_test_consumer.SfcTestConsumerImpl"
      init-method = "register" destroy-method = "unregister">
    <argument ref="sfService"/>
    <argument ref="sfcService"/>
  </bean>

</blueprint>
