<?xml version="1.0" encoding="UTF-8"?>
<module name="test-config-files1"
        xmlns="urn:ietf:params:xml:ns:yang:yin:1"
        xmlns:it-duplicate="urn:opendaylight:params:xml:ns:yang:controller:config:test:files1"
        xmlns:config="urn:opendaylight:params:xml:ns:yang:controller:config"
        xmlns:inet="urn:ietf:params:xml:ns:yang:ietf-inet-types">
  <yang-version value="1"/>
  <namespace uri="urn:opendaylight:params:xml:ns:yang:controller:config:test:files1"/>
  <prefix value="it-duplicate"/>
  <import module="config">
    <prefix value="config"/>
    <revision-date date="2013-04-05"/>
  </import>
  <import module="ietf-inet-types">
    <prefix value="inet"/>
    <revision-date date="2010-09-24"/>
  </import>
  <description>
    <text>Testing IMPL</text>
  </description>
  <revision date="2013-04-03">
    <description>
      <text>Initial revision</text>
    </description>
  </revision>
  <identity name="implementation1">
    <base name="config:module-type"/>
    <config:java-name-prefix java-prefix="TestFiles1Impl"/>
  </identity>
  <identity name="netconf1">
    <base name="config:module-type"/>
    <config:java-name-prefix java-prefix="NetconfTestFiles1Impl"/>
  </identity>
  <augment target-node="/config:modules/config:module/config:configuration">
    <case name="implementation1">
      <when condition="/config:modules/config:module/config:type = 'implementation1'"/>
      <container name="dto-a">
        <leaf name="simple-arg">
          <type name="uint32"/>
        </leaf>
        <leaf name="port">
          <type name="inet:port-number"/>
        </leaf>
      </container>
    </case>
  </augment>
  <augment target-node="/config:modules/config:module/config:state">
    <case name="implementation1">
      <when condition="/config:modules/config:module/config:type = 'implementation1'"/>
      <leaf name="created-sessions">
        <type name="uint32"/>
      </leaf>
    </case>
  </augment>
  <augment target-node="/config:modules/config:module/config:configuration">
    <case name="netconf1">
      <when condition="/config:modules/config:module/config:type = 'netconf1'"/>
    </case>
  </augment>
  <augment target-node="/config:modules/config:module/config:state">
    <case name="netconf1">
      <when condition="/config:modules/config:module/config:type = 'netconf1'"/>
      <leaf name="created-sessions">
        <type name="uint32"/>
      </leaf>
    </case>
  </augment>
</module>
