<?xml version="1.0" encoding="UTF-8"?>
<module name="config-threads"
        xmlns="urn:ietf:params:xml:ns:yang:yin:1"
        xmlns:th="urn:opendaylight:params:xml:ns:yang:controller:threads"
        xmlns:config="urn:opendaylight:params:xml:ns:yang:controller:config">
  <yang-version value="1"/>
  <namespace uri="urn:opendaylight:params:xml:ns:yang:controller:threads"/>
  <prefix value="th"/>
  <import module="config">
    <prefix value="config"/>
    <revision-date date="2013-04-05"/>
  </import>
  <revision date="2013-05-02">
    <description>
      <text>Add test</text>
    </description>
  </revision>
  <extension name="java-class2">
    <description>
      <text>YANG language extension carrying the fully-qualified name of
a Java class. Code generation tools use the provided reference
to tie a specific construct to its Java representation.</text>
    </description>
    <argument name="name"/>
  </extension>
  <identity name="eventbus">
    <description>
      <text>Service representing an event bus. The service acts as message
router between event producers and event consumers</text>
    </description>
    <base name="config:service-type"/>
    <config:java-class2/>
  </identity>
</module>
